<?xml version="1.0" encoding="UTF-8"?>
<robot generator="Robot 4.1.3 (Python 3.10.2 on win32)" generated="20220210 00:21:19.628" rpa="false" schemaversion="2">
<suite id="s1" name="Phptravels Suite" source="C:\Users\Praveen M\PycharmProjects\robot_framework\robot_selenium\phptravels_suite.robot">
<test id="s1-t1" name="TC1 Multitabs login">
<kw name="Open Browser" library="SeleniumLibrary">
<arg>browser=firefox</arg>
<arg>executable_path=${EXECDIR}/driver/geckodriver</arg>
<doc>Opens a new browser instance to the optional ``url``.</doc>
<msg timestamp="20220210 00:21:20.284" level="INFO">Opening browser 'firefox' to base url 'None'.</msg>
<msg timestamp="20220210 00:21:20.300" level="INFO">Firefox driver log is always forced to to: C:\Users\Praveen M\PycharmProjects\robot_framework\geckodriver-5.log</msg>
<status status="PASS" starttime="20220210 00:21:20.284" endtime="20220210 00:21:56.610"/>
</kw>
<kw name="Maximize Browser Window" library="SeleniumLibrary">
<doc>Maximizes current browser window.</doc>
<status status="PASS" starttime="20220210 00:21:56.610" endtime="20220210 00:21:56.694"/>
</kw>
<kw name="Set Selenium Implicit Wait" library="SeleniumLibrary">
<arg>20s</arg>
<doc>Sets the implicit wait value used by Selenium.</doc>
<status status="PASS" starttime="20220210 00:21:56.694" endtime="20220210 00:21:56.694"/>
</kw>
<kw name="Go To" library="SeleniumLibrary">
<arg>url=https://phptravels.net/</arg>
<doc>Navigates the current browser window to the provided ``url``.</doc>
<msg timestamp="20220210 00:21:56.694" level="INFO">Opening url 'https://phptravels.net/'</msg>
<status status="PASS" starttime="20220210 00:21:56.694" endtime="20220210 00:22:38.812"/>
</kw>
<kw name="Click Element" library="SeleniumLibrary">
<arg>id=currency</arg>
<doc>Click the element identified by ``locator``.</doc>
<msg timestamp="20220210 00:22:38.836" level="INFO">Clicking element 'id=currency'.</msg>
<status status="PASS" starttime="20220210 00:22:38.814" endtime="20220210 00:22:41.118"/>
</kw>
<kw name="Select From List By Label" library="SeleniumLibrary">
<arg>id=currency</arg>
<arg>INR</arg>
<doc>Selects options from selection list ``locator`` by ``labels``.</doc>
<msg timestamp="20220210 00:22:41.121" level="INFO">Selecting options from selection list 'id=currency' by label INR.</msg>
<msg timestamp="20220210 00:22:42.672" level="INFO" html="true">&lt;/td&gt;&lt;/tr&gt;&lt;tr&gt;&lt;td colspan="3"&gt;&lt;a href="selenium-screenshot-2.png"&gt;&lt;img src="selenium-screenshot-2.png" width="800px"&gt;&lt;/a&gt;</msg>
<msg timestamp="20220210 00:22:42.911" level="FAIL">List with locator 'id=currency' not found.</msg>
<status status="FAIL" starttime="20220210 00:22:41.120" endtime="20220210 00:22:42.912"/>
</kw>
<kw name="Set Selenium Implicit Wait" library="SeleniumLibrary">
<arg>5s</arg>
<doc>Sets the implicit wait value used by Selenium.</doc>
<status status="NOT RUN" starttime="20220210 00:22:42.917" endtime="20220210 00:22:42.917"/>
</kw>
<kw name="Click Element" library="SeleniumLibrary">
<arg>link=flights</arg>
<doc>Click the element identified by ``locator``.</doc>
<status status="NOT RUN" starttime="20220210 00:22:42.918" endtime="20220210 00:22:42.918"/>
</kw>
<kw name="Select From List By Label" library="SeleniumLibrary">
<arg>id=flight_type</arg>
<arg>Business</arg>
<doc>Selects options from selection list ``locator`` by ``labels``.</doc>
<status status="NOT RUN" starttime="20220210 00:22:42.918" endtime="20220210 00:22:42.920"/>
</kw>
<status status="FAIL" starttime="20220210 00:21:20.284" endtime="20220210 00:22:42.921">List with locator 'id=currency' not found.</status>
</test>
<status status="FAIL" starttime="20220210 00:21:19.628" endtime="20220210 00:22:42.937"/>
</suite>
<statistics>
<total>
<stat pass="0" fail="1" skip="0">All Tests</stat>
</total>
<tag>
</tag>
<suite>
<stat pass="0" fail="1" skip="0" id="s1" name="Phptravels Suite">Phptravels Suite</stat>
</suite>
</statistics>
<errors>
</errors>
</robot>
