<?xml version="1.0" encoding="UTF-8"?>
<robot generator="Robot 4.1.3 (Python 3.10.2 on win32)" generated="20220210 11:42:55.921" rpa="false" schemaversion="2">
<suite id="s1" name="Demo3 Suite" source="C:\Users\Praveen M\PycharmProjects\robot_framework\robot_suite\demo3_suite.robot">
<test id="s1-t1" name="TC1">
<kw name="Set Local Variable" library="BuiltIn">
<arg>${firstname}</arg>
<arg>Nani</arg>
<doc>Makes a variable available everywhere within the local scope.</doc>
<msg timestamp="20220210 11:42:56.049" level="INFO">${firstname} = Nani</msg>
<status status="PASS" starttime="20220210 11:42:56.048" endtime="20220210 11:42:56.049"/>
</kw>
<kw name="Set Variable" library="BuiltIn">
<var>${lastname}</var>
<arg>Naturalstar</arg>
<doc>Returns the given values which can then be assigned to a variables.</doc>
<msg timestamp="20220210 11:42:56.050" level="INFO">${lastname} = Naturalstar</msg>
<status status="PASS" starttime="20220210 11:42:56.050" endtime="20220210 11:42:56.050"/>
</kw>
<kw name="Log To Console" library="BuiltIn">
<arg>${firstname} ${lastname}</arg>
<doc>Logs the given message to the console.</doc>
<status status="PASS" starttime="20220210 11:42:56.051" endtime="20220210 11:42:56.051"/>
</kw>
<kw name="Create List" library="BuiltIn">
<var>@{fruits}</var>
<arg>apple</arg>
<arg>banana</arg>
<arg>grapes</arg>
<doc>Returns a list containing given items.</doc>
<msg timestamp="20220210 11:42:56.053" level="INFO">@{fruits} = [ apple | banana | grapes ]</msg>
<status status="PASS" starttime="20220210 11:42:56.052" endtime="20220210 11:42:56.053"/>
</kw>
<kw name="Log To Console" library="BuiltIn">
<arg>${fruits}</arg>
<doc>Logs the given message to the console.</doc>
<status status="PASS" starttime="20220210 11:42:56.053" endtime="20220210 11:42:56.054"/>
</kw>
<kw name="Log To Console" library="BuiltIn">
<arg>${fruits}[0]</arg>
<doc>Logs the given message to the console.</doc>
<status status="PASS" starttime="20220210 11:42:56.055" endtime="20220210 11:42:56.055"/>
</kw>
<for flavor="IN">
<var>${color}</var>
<value>@{fruits}</value>
<iter>
<var name="${color}">apple</var>
<kw name="Log To Console" library="BuiltIn">
<arg>${color}</arg>
<doc>Logs the given message to the console.</doc>
<status status="PASS" starttime="20220210 11:42:56.056" endtime="20220210 11:42:56.056"/>
</kw>
<status status="PASS" starttime="20220210 11:42:56.056" endtime="20220210 11:42:56.057"/>
</iter>
<iter>
<var name="${color}">banana</var>
<kw name="Log To Console" library="BuiltIn">
<arg>${color}</arg>
<doc>Logs the given message to the console.</doc>
<status status="PASS" starttime="20220210 11:42:56.057" endtime="20220210 11:42:56.057"/>
</kw>
<status status="PASS" starttime="20220210 11:42:56.057" endtime="20220210 11:42:56.059"/>
</iter>
<iter>
<var name="${color}">grapes</var>
<kw name="Log To Console" library="BuiltIn">
<arg>${color}</arg>
<doc>Logs the given message to the console.</doc>
<status status="PASS" starttime="20220210 11:42:56.060" endtime="20220210 11:42:56.061"/>
</kw>
<status status="PASS" starttime="20220210 11:42:56.059" endtime="20220210 11:42:56.061"/>
</iter>
<status status="PASS" starttime="20220210 11:42:56.056" endtime="20220210 11:42:56.061"/>
</for>
<kw name="Log List" library="Collections">
<arg>${fruits}</arg>
<doc>Logs the length and contents of the ``list`` using given ``level``.</doc>
<msg timestamp="20220210 11:42:56.062" level="INFO">List length is 3 and it contains following items:
0: apple
1: banana
2: grapes</msg>
<status status="PASS" starttime="20220210 11:42:56.062" endtime="20220210 11:42:56.063"/>
</kw>
<kw name="Set Global Variable" library="BuiltIn">
<arg>${otp}</arg>
<arg>90000</arg>
<doc>Makes a variable available globally in all tests and suites.</doc>
<msg timestamp="20220210 11:42:56.066" level="INFO">${otp} = 90000</msg>
<status status="PASS" starttime="20220210 11:42:56.063" endtime="20220210 11:42:56.066"/>
</kw>
<status status="PASS" starttime="20220210 11:42:56.048" endtime="20220210 11:42:56.067"/>
</test>
<test id="s1-t2" name="TC2">
<kw name="Log To Console" library="BuiltIn">
<arg>${otp}</arg>
<doc>Logs the given message to the console.</doc>
<status status="PASS" starttime="20220210 11:42:56.069" endtime="20220210 11:42:56.069"/>
</kw>
<kw name="Create Dictionary" library="BuiltIn">
<var>&amp;{dic}</var>
<arg>firstname=Nani</arg>
<arg>lastname=Naturalstar</arg>
<arg>mobile=987654321</arg>
<doc>Creates and returns a dictionary based on the given ``items``.</doc>
<msg timestamp="20220210 11:42:56.070" level="INFO">&amp;{dic} = { firstname=Nani | lastname=Naturalstar | mobile=987654321 }</msg>
<status status="PASS" starttime="20220210 11:42:56.070" endtime="20220210 11:42:56.070"/>
</kw>
<kw name="Log To Console" library="BuiltIn">
<arg>${dic}[lastname]</arg>
<doc>Logs the given message to the console.</doc>
<status status="PASS" starttime="20220210 11:42:56.070" endtime="20220210 11:42:56.071"/>
</kw>
<status status="PASS" starttime="20220210 11:42:56.068" endtime="20220210 11:42:56.071"/>
</test>
<status status="PASS" starttime="20220210 11:42:55.959" endtime="20220210 11:42:56.073"/>
</suite>
<statistics>
<total>
<stat pass="2" fail="0" skip="0">All Tests</stat>
</total>
<tag>
</tag>
<suite>
<stat pass="2" fail="0" skip="0" id="s1" name="Demo3 Suite">Demo3 Suite</stat>
</suite>
</statistics>
<errors>
</errors>
</robot>
