<?xml version="1.0" encoding="UTF-8"?>
<robot generator="Robot 4.1.3 (Python 3.10.2 on win32)" generated="20220210 09:53:39.987" rpa="false" schemaversion="2">
<suite id="s1" name="Demo2 Suite" source="C:\Users\Praveen M\PycharmProjects\robot_framework\robot_suite\demo2_suite.robot">
<test id="s1-t1" name="TC1">
<kw name="Log To Console" library="BuiltIn">
<arg>${EXECDIR}</arg>
<doc>Logs the given message to the console.</doc>
<status status="PASS" starttime="20220210 09:53:40.048" endtime="20220210 09:53:40.049"/>
</kw>
<kw name="Log To Console" library="BuiltIn">
<arg>C:\\Users\\Praveen M\\PycharmProjects\\robot_framework\\robot_suite</arg>
<doc>Logs the given message to the console.</doc>
<status status="PASS" starttime="20220210 09:53:40.049" endtime="20220210 09:53:40.049"/>
</kw>
<kw name="Log To Console" library="BuiltIn">
<arg>${OUTPUT_DIR}</arg>
<doc>Logs the given message to the console.</doc>
<status status="PASS" starttime="20220210 09:53:40.050" endtime="20220210 09:53:40.051"/>
</kw>
<kw name="Log To Console" library="BuiltIn">
<arg>${EXECDIR}${/}driver${/}geckodriver.exe</arg>
<doc>Logs the given message to the console.</doc>
<status status="PASS" starttime="20220210 09:53:40.051" endtime="20220210 09:53:40.052"/>
</kw>
<kw name="Log To Console" library="BuiltIn">
<arg>${SUITE_NAME}</arg>
<doc>Logs the given message to the console.</doc>
<status status="PASS" starttime="20220210 09:53:40.052" endtime="20220210 09:53:40.053"/>
</kw>
<kw name="Log To Console" library="BuiltIn">
<arg>${TEST_NAME}</arg>
<doc>Logs the given message to the console.</doc>
<status status="PASS" starttime="20220210 09:53:40.054" endtime="20220210 09:53:40.054"/>
</kw>
<kw name="Log To Console" library="BuiltIn">
<arg>${TEMPDIR}</arg>
<doc>Logs the given message to the console.</doc>
<status status="PASS" starttime="20220210 09:53:40.055" endtime="20220210 09:53:40.056"/>
</kw>
<kw name="Log To Console" library="BuiltIn">
<arg>${MY_NAME}</arg>
<doc>Logs the given message to the console.</doc>
<status status="PASS" starttime="20220210 09:53:40.056" endtime="20220210 09:53:40.057"/>
</kw>
<kw name="Log To Console" library="BuiltIn">
<arg>${COLORS}</arg>
<doc>Logs the given message to the console.</doc>
<status status="PASS" starttime="20220210 09:53:40.058" endtime="20220210 09:53:40.059"/>
</kw>
<kw name="Log To Console" library="BuiltIn">
<arg>${COLORS}[2]</arg>
<doc>Logs the given message to the console.</doc>
<status status="PASS" starttime="20220210 09:53:40.060" endtime="20220210 09:53:40.060"/>
</kw>
<status status="PASS" starttime="20220210 09:53:40.047" endtime="20220210 09:53:40.061"/>
</test>
<test id="s1-t2" name="TC2">
<for flavor="IN">
<var>${i}</var>
<value>RANGE</value>
<value>2</value>
<iter>
<var name="${i}">RANGE</var>
<kw name="Log To Console" library="BuiltIn">
<arg>${i}</arg>
<doc>Logs the given message to the console.</doc>
<status status="PASS" starttime="20220210 09:53:40.065" endtime="20220210 09:53:40.065"/>
</kw>
<status status="PASS" starttime="20220210 09:53:40.064" endtime="20220210 09:53:40.065"/>
</iter>
<iter>
<var name="${i}">2</var>
<kw name="Log To Console" library="BuiltIn">
<arg>${i}</arg>
<doc>Logs the given message to the console.</doc>
<status status="PASS" starttime="20220210 09:53:40.066" endtime="20220210 09:53:40.066"/>
</kw>
<status status="PASS" starttime="20220210 09:53:40.065" endtime="20220210 09:53:40.066"/>
</iter>
<status status="PASS" starttime="20220210 09:53:40.064" endtime="20220210 09:53:40.066"/>
</for>
<status status="PASS" starttime="20220210 09:53:40.063" endtime="20220210 09:53:40.067"/>
</test>
<status status="PASS" starttime="20220210 09:53:39.991" endtime="20220210 09:53:40.068"/>
</suite>
<statistics>
<total>
<stat pass="2" fail="0" skip="0">All Tests</stat>
</total>
<tag>
</tag>
<suite>
<stat pass="2" fail="0" skip="0" id="s1" name="Demo2 Suite">Demo2 Suite</stat>
</suite>
</statistics>
<errors>
</errors>
</robot>
