<?xml version="1.0" encoding="UTF-8"?>
<robot generator="Robot 4.1.3 (Python 3.10.2 on win32)" generated="20220210 17:18:38.423" rpa="false" schemaversion="2">
<suite id="s1" name="Selenium Suite" source="C:\Users\Praveen M\PycharmProjects\robot_framework\robot_selenium\selenium_suite.robot">
<test id="s1-t1" name="TC1 Valid Login">
<kw name="Open Browser" library="SeleniumLibrary">
<arg>browser=firefox</arg>
<arg>executable_path=${EXECDIR}/driver/geckodriver</arg>
<doc>Opens a new browser instance to the optional ``url``.</doc>
<msg timestamp="20220210 17:18:38.841" level="INFO">Opening browser 'firefox' to base url 'None'.</msg>
<msg timestamp="20220210 17:18:38.843" level="INFO">Firefox driver log is always forced to to: C:\Users\Praveen M\PycharmProjects\robot_framework\geckodriver-18.log</msg>
<status status="PASS" starttime="20220210 17:18:38.840" endtime="20220210 17:19:02.927"/>
</kw>
<kw name="Maximize Browser Window" library="SeleniumLibrary">
<doc>Maximizes current browser window.</doc>
<status status="PASS" starttime="20220210 17:19:02.928" endtime="20220210 17:19:02.936"/>
</kw>
<kw name="Set Selenium Implicit Wait" library="SeleniumLibrary">
<arg>30s</arg>
<doc>Sets the implicit wait value used by Selenium.</doc>
<status status="PASS" starttime="20220210 17:19:02.936" endtime="20220210 17:19:02.942"/>
</kw>
<kw name="Go To" library="SeleniumLibrary">
<arg>url=https://demo.openemr.io/b/openemr/index.php</arg>
<doc>Navigates the current browser window to the provided ``url``.</doc>
<msg timestamp="20220210 17:19:02.943" level="INFO">Opening url 'https://demo.openemr.io/b/openemr/index.php'</msg>
<status status="PASS" starttime="20220210 17:19:02.942" endtime="20220210 17:19:09.254"/>
</kw>
<kw name="Set Selenium Speed" library="SeleniumLibrary">
<arg>2s</arg>
<doc>Sets the delay that is waited after each Selenium command.</doc>
<status status="PASS" starttime="20220210 17:19:09.257" endtime="20220210 17:19:09.258"/>
</kw>
<kw name="Input Text" library="SeleniumLibrary">
<arg>id=authUser</arg>
<arg>admin</arg>
<doc>Types the given ``text`` into the text field identified by ``locator``.</doc>
<msg timestamp="20220210 17:19:09.270" level="INFO">Typing text 'admin' into text field 'id=authUser'.</msg>
<status status="PASS" starttime="20220210 17:19:09.259" endtime="20220210 17:19:16.450"/>
</kw>
<kw name="Reload Page" library="SeleniumLibrary">
<doc>Simulates user reloading page.</doc>
<status status="PASS" starttime="20220210 17:19:16.450" endtime="20220210 17:19:22.912"/>
</kw>
<kw name="Input Password" library="SeleniumLibrary">
<arg>id=clearPass</arg>
<arg>pass</arg>
<doc>Types the given password into the text field identified by ``locator``.</doc>
<msg timestamp="20220210 17:19:22.913" level="INFO">Typing password into text field 'id=clearPass'.</msg>
<msg timestamp="20220210 17:19:26.936" level="INFO">Temporally setting log level to: NONE</msg>
<msg timestamp="20220210 17:19:29.364" level="INFO">Log level changed from NONE to INFO.</msg>
<status status="PASS" starttime="20220210 17:19:22.913" endtime="20220210 17:19:29.364"/>
</kw>
<kw name="Select From List By Label" library="SeleniumLibrary">
<arg>name=languageChoice</arg>
<arg>English (Indian)</arg>
<doc>Selects options from selection list ``locator`` by ``labels``.</doc>
<msg timestamp="20220210 17:19:29.366" level="INFO">Selecting options from selection list 'name=languageChoice' by label English (Indian).</msg>
<status status="PASS" starttime="20220210 17:19:29.365" endtime="20220210 17:19:43.782"/>
</kw>
<kw name="Get Text" library="SeleniumLibrary">
<var>${appdesc}</var>
<arg>xpath=//*[@id="login_form"]/div[1]/div[2]/p[1]</arg>
<doc>Returns the text value of the element identified by ``locator``.</doc>
<msg timestamp="20220210 17:19:47.963" level="INFO">${appdesc} = The most popular open-source Electronic Health Record and Medical Practice Management solution.</msg>
<status status="PASS" starttime="20220210 17:19:43.783" endtime="20220210 17:19:47.963"/>
</kw>
<kw name="Log To Console" library="BuiltIn">
<arg>${appdesc}</arg>
<doc>Logs the given message to the console.</doc>
<status status="PASS" starttime="20220210 17:19:47.963" endtime="20220210 17:19:47.964"/>
</kw>
<kw name="Get Selected List Label" library="SeleniumLibrary">
<var>${selecteddropdownlabel}</var>
<arg>name=languageChoice</arg>
<doc>Returns the label of selected option from selection list ``locator``.</doc>
<msg timestamp="20220210 17:20:30.412" level="INFO">${selecteddropdownlabel} = English (Indian)</msg>
<status status="PASS" starttime="20220210 17:19:47.966" endtime="20220210 17:20:30.413"/>
</kw>
<kw name="Log To Console" library="BuiltIn">
<arg>${selecteddropdownlabel}</arg>
<doc>Logs the given message to the console.</doc>
<status status="PASS" starttime="20220210 17:20:30.413" endtime="20220210 17:20:30.414"/>
</kw>
<status status="PASS" starttime="20220210 17:18:38.840" endtime="20220210 17:20:30.415"/>
</test>
<status status="PASS" starttime="20220210 17:18:38.426" endtime="20220210 17:20:30.418"/>
</suite>
<statistics>
<total>
<stat pass="1" fail="0" skip="0">All Tests</stat>
</total>
<tag>
</tag>
<suite>
<stat pass="1" fail="0" skip="0" id="s1" name="Selenium Suite">Selenium Suite</stat>
</suite>
</statistics>
<errors>
</errors>
</robot>
