<?xml version="1.0" encoding="UTF-8"?>
<robot generator="Robot 4.1.3 (Python 3.10.2 on win32)" generated="20220210 16:58:17.654" rpa="false" schemaversion="2">
<suite id="s1" name="Hdfc Suite" source="C:\Users\Praveen M\PycharmProjects\robot_framework\robot_selenium\hdfc_suite.robot">
<test id="s1-t1" name="Tc1">
<kw name="Open Browser" library="SeleniumLibrary">
<arg>browser=firefox</arg>
<arg>executable_path=${EXECDIR}/driver/geckodriver</arg>
<doc>Opens a new browser instance to the optional ``url``.</doc>
<msg timestamp="20220210 16:58:18.280" level="INFO">Opening browser 'firefox' to base url 'None'.</msg>
<msg timestamp="20220210 16:58:18.300" level="INFO">Firefox driver log is always forced to to: C:\Users\Praveen M\PycharmProjects\robot_framework\geckodriver-16.log</msg>
<status status="PASS" starttime="20220210 16:58:18.279" endtime="20220210 16:58:49.473"/>
</kw>
<kw name="Maximize Browser Window" library="SeleniumLibrary">
<doc>Maximizes current browser window.</doc>
<status status="PASS" starttime="20220210 16:58:49.474" endtime="20220210 16:58:49.477"/>
</kw>
<kw name="Set Selenium Implicit Wait" library="SeleniumLibrary">
<arg>10s</arg>
<doc>Sets the implicit wait value used by Selenium.</doc>
<status status="PASS" starttime="20220210 16:58:49.479" endtime="20220210 16:58:49.848"/>
</kw>
<kw name="Go To" library="SeleniumLibrary">
<arg>url=https://netbanking.hdfcbank.com/netbanking</arg>
<doc>Navigates the current browser window to the provided ``url``.</doc>
<msg timestamp="20220210 16:58:49.850" level="INFO">Opening url 'https://netbanking.hdfcbank.com/netbanking'</msg>
<status status="PASS" starttime="20220210 16:58:49.849" endtime="20220210 16:59:11.366"/>
</kw>
<kw name="Select Frame" library="SeleniumLibrary">
<arg>xpath=/html/frameset/frameset/frame</arg>
<doc>Sets frame identified by ``locator`` as the current frame.</doc>
<msg timestamp="20220210 16:59:11.481" level="INFO">Selecting frame 'xpath=/html/frameset/frameset/frame'.</msg>
<status status="PASS" starttime="20220210 16:59:11.370" endtime="20220210 16:59:13.265"/>
</kw>
<kw name="Input Text" library="SeleniumLibrary">
<arg>name=fldLoginUserId</arg>
<arg>test123</arg>
<doc>Types the given ``text`` into the text field identified by ``locator``.</doc>
<msg timestamp="20220210 16:59:13.267" level="INFO">Typing text 'test123' into text field 'name=fldLoginUserId'.</msg>
<status status="PASS" starttime="20220210 16:59:13.266" endtime="20220210 16:59:16.669"/>
</kw>
<kw name="Click Element" library="SeleniumLibrary">
<arg>link=CONTINUE</arg>
<doc>Click the element identified by ``locator``.</doc>
<msg timestamp="20220210 16:59:16.671" level="INFO">Clicking element 'link=CONTINUE'.</msg>
<status status="PASS" starttime="20220210 16:59:16.670" endtime="20220210 16:59:22.863"/>
</kw>
<status status="PASS" starttime="20220210 16:58:18.278" endtime="20220210 16:59:22.864"/>
</test>
<status status="PASS" starttime="20220210 16:58:17.656" endtime="20220210 16:59:22.866"/>
</suite>
<statistics>
<total>
<stat pass="1" fail="0" skip="0">All Tests</stat>
</total>
<tag>
</tag>
<suite>
<stat pass="1" fail="0" skip="0" id="s1" name="Hdfc Suite">Hdfc Suite</stat>
</suite>
</statistics>
<errors>
</errors>
</robot>
