<?xml version="1.0" encoding="UTF-8"?>
<robot generator="Robot 4.1.3 (Python 3.10.2 on win32)" generated="20220210 12:11:14.565" rpa="false" schemaversion="2">
<suite id="s1" name="Alert Suite" source="C:\Users\Praveen M\PycharmProjects\robot_framework\robot_selenium\alert_suite.robot">
<test id="s1-t1" name="TC1">
<kw name="Open Browser" library="SeleniumLibrary">
<arg>browser=firefox</arg>
<arg>executable_path=${EXECDIR}/driver/geckodriver</arg>
<doc>Opens a new browser instance to the optional ``url``.</doc>
<msg timestamp="20220210 12:11:15.228" level="INFO">Opening browser 'firefox' to base url 'None'.</msg>
<msg timestamp="20220210 12:11:15.265" level="INFO">Firefox driver log is always forced to to: C:\Users\Praveen M\PycharmProjects\robot_framework\geckodriver-12.log</msg>
<status status="PASS" starttime="20220210 12:11:15.227" endtime="20220210 12:11:35.866"/>
</kw>
<kw name="Maximize Browser Window" library="SeleniumLibrary">
<doc>Maximizes current browser window.</doc>
<status status="PASS" starttime="20220210 12:11:35.867" endtime="20220210 12:11:36.011"/>
</kw>
<kw name="Set Selenium Implicit Wait" library="SeleniumLibrary">
<arg>30s</arg>
<doc>Sets the implicit wait value used by Selenium.</doc>
<status status="PASS" starttime="20220210 12:11:36.011" endtime="20220210 12:11:36.018"/>
</kw>
<kw name="Go To" library="SeleniumLibrary">
<arg>url=https://netbanking.hdfcbank.com/netbanking/IpinResetUsingOTP.htm</arg>
<doc>Navigates the current browser window to the provided ``url``.</doc>
<msg timestamp="20220210 12:11:36.019" level="INFO">Opening url 'https://netbanking.hdfcbank.com/netbanking/IpinResetUsingOTP.htm'</msg>
<status status="PASS" starttime="20220210 12:11:36.018" endtime="20220210 12:11:46.269"/>
</kw>
<kw name="Click Element" library="SeleniumLibrary">
<arg>xpath=/html/body/form/center/table/tbody/tr[2]/td[2]/table/tbody/tr[3]/td/a</arg>
<doc>Click the element identified by ``locator``.</doc>
<msg timestamp="20220210 12:11:46.272" level="INFO">Clicking element 'xpath=/html/body/form/center/table/tbody/tr[2]/td[2]/table/tbody/tr[3]/td/a'.</msg>
<status status="PASS" starttime="20220210 12:11:46.271" endtime="20220210 12:11:50.691"/>
</kw>
<kw name="Sleep" library="BuiltIn">
<arg>2s</arg>
<doc>Pauses the test executed for the given time.</doc>
<msg timestamp="20220210 12:11:52.706" level="INFO">Slept 2 seconds</msg>
<status status="PASS" starttime="20220210 12:11:50.701" endtime="20220210 12:11:52.706"/>
</kw>
<kw name="Handle Alert" library="SeleniumLibrary">
<var>${alert_text}</var>
<arg>action=ACCEPT</arg>
<doc>Handles the current alert and returns its message.</doc>
<msg timestamp="20220210 12:11:52.711" level="INFO">HANDLE::&lt;class 'NoneType'&gt;::None</msg>
<msg timestamp="20220210 12:11:53.005" level="INFO">${alert_text} = Customer ID  cannot be left blank.</msg>
<status status="PASS" starttime="20220210 12:11:52.710" endtime="20220210 12:11:53.005"/>
</kw>
<kw name="Log To Console" library="BuiltIn">
<arg>${alert_text}</arg>
<doc>Logs the given message to the console.</doc>
<status status="PASS" starttime="20220210 12:11:53.089" endtime="20220210 12:11:53.137"/>
</kw>
<status status="PASS" starttime="20220210 12:11:15.226" endtime="20220210 12:11:53.152"/>
</test>
<status status="PASS" starttime="20220210 12:11:14.590" endtime="20220210 12:11:53.165"/>
</suite>
<statistics>
<total>
<stat pass="1" fail="0" skip="0">All Tests</stat>
</total>
<tag>
</tag>
<suite>
<stat pass="1" fail="0" skip="0" id="s1" name="Alert Suite">Alert Suite</stat>
</suite>
</statistics>
<errors>
</errors>
</robot>
