<?xml version="1.0" encoding="UTF-8"?>
<robot generator="Robot 4.1.3 (Python 3.10.2 on win32)" generated="20220211 10:23:09.859" rpa="false" schemaversion="2">
<suite id="s1" name="Advance Selenium" source="C:\Users\Praveen M\PycharmProjects\robot_framework\advance_suite\advance_selenium.robot">
<test id="s1-t1" name="TC1">
<kw name="Open Browser" library="SeleniumLibrary">
<arg>browser=firefox</arg>
<arg>executable_path=${EXECDIR}/driver/geckodriver</arg>
<doc>Opens a new browser instance to the optional ``url``.</doc>
<msg timestamp="20220211 10:23:13.421" level="INFO">Opening browser 'firefox' to base url 'None'.</msg>
<msg timestamp="20220211 10:23:13.623" level="INFO">Firefox driver log is always forced to to: C:\Users\Praveen M\PycharmProjects\robot_framework\geckodriver-21.log</msg>
<status status="PASS" starttime="20220211 10:23:13.420" endtime="20220211 10:23:58.236"/>
</kw>
<kw name="Maximize Browser Window" library="SeleniumLibrary">
<doc>Maximizes current browser window.</doc>
<status status="PASS" starttime="20220211 10:23:58.237" endtime="20220211 10:23:58.242"/>
</kw>
<kw name="Set Selenium Implicit Wait" library="SeleniumLibrary">
<arg>30s</arg>
<doc>Sets the implicit wait value used by Selenium.</doc>
<status status="PASS" starttime="20220211 10:23:58.243" endtime="20220211 10:23:58.384"/>
</kw>
<kw name="Go To" library="SeleniumLibrary">
<arg>url=http://google.com/</arg>
<doc>Navigates the current browser window to the provided ``url``.</doc>
<msg timestamp="20220211 10:23:58.386" level="INFO">Opening url 'http://google.com/'</msg>
<status status="PASS" starttime="20220211 10:23:58.386" endtime="20220211 10:24:26.747"/>
</kw>
<kw name="Get Element Count" library="SeleniumLibrary">
<var>${linkcount}</var>
<arg>tag=a</arg>
<doc>Returns the number of elements matching ``locator``.</doc>
<msg timestamp="20220211 10:24:28.025" level="INFO">${linkcount} = 25</msg>
<status status="PASS" starttime="20220211 10:24:26.747" endtime="20220211 10:24:28.025"/>
</kw>
<kw name="Log To Console" library="BuiltIn">
<arg>${linkcount}</arg>
<doc>Logs the given message to the console.</doc>
<status status="PASS" starttime="20220211 10:24:28.026" endtime="20220211 10:24:28.027"/>
</kw>
<kw name="Get WebElements" library="SeleniumLibrary">
<var>@{elements}</var>
<arg>tag=a</arg>
<doc>Returns a list of WebElement objects matching the ``locator``.</doc>
<msg timestamp="20220211 10:24:28.153" level="INFO">@{elements} = [ &lt;selenium.webdriver.remote.webelement.WebElement (session="6bbcbc70-eb84-431d-9f79-019fa7647ff9", element="13945f67-c9f6-4acb-ad07-525edf4865c1")&gt; | &lt;selenium.webdriver.remote.webelement.WebElement ...</msg>
<status status="PASS" starttime="20220211 10:24:28.027" endtime="20220211 10:24:28.153"/>
</kw>
<for flavor="IN RANGE">
<var>${i}</var>
<value>0</value>
<value>${linkcount}</value>
<value>1</value>
<iter>
<var name="${i}">0</var>
<kw name="Get Text" library="SeleniumLibrary">
<var>${text}</var>
<arg>${elements}[${i}]</arg>
<doc>Returns the text value of the element identified by ``locator``.</doc>
<msg timestamp="20220211 10:24:29.532" level="INFO">${text} = Gmail</msg>
<status status="PASS" starttime="20220211 10:24:28.153" endtime="20220211 10:24:29.532"/>
</kw>
<kw name="Log To Console" library="BuiltIn">
<arg>${text}</arg>
<doc>Logs the given message to the console.</doc>
<status status="PASS" starttime="20220211 10:24:29.532" endtime="20220211 10:24:29.533"/>
</kw>
<kw name="Run Keyword If" library="BuiltIn">
<arg>'${text}'=='Images'</arg>
<arg>Click Element</arg>
<arg>${elements}[${i}]</arg>
<doc>Runs the given keyword with the given arguments, if ``condition`` is true.</doc>
<status status="PASS" starttime="20220211 10:24:29.533" endtime="20220211 10:24:29.533"/>
</kw>
<kw name="Exit For Loop If" library="BuiltIn">
<arg>'${text}'=='Images'</arg>
<doc>Stops executing the enclosing for loop if the ``condition`` is true.</doc>
<status status="PASS" starttime="20220211 10:24:29.533" endtime="20220211 10:24:29.534"/>
</kw>
<status status="PASS" starttime="20220211 10:24:28.153" endtime="20220211 10:24:29.534"/>
</iter>
<iter>
<var name="${i}">1</var>
<kw name="Get Text" library="SeleniumLibrary">
<var>${text}</var>
<arg>${elements}[${i}]</arg>
<doc>Returns the text value of the element identified by ``locator``.</doc>
<msg timestamp="20220211 10:24:29.859" level="INFO">${text} = Images</msg>
<status status="PASS" starttime="20220211 10:24:29.534" endtime="20220211 10:24:29.859"/>
</kw>
<kw name="Log To Console" library="BuiltIn">
<arg>${text}</arg>
<doc>Logs the given message to the console.</doc>
<status status="PASS" starttime="20220211 10:24:29.860" endtime="20220211 10:24:29.860"/>
</kw>
<kw name="Run Keyword If" library="BuiltIn">
<arg>'${text}'=='Images'</arg>
<arg>Click Element</arg>
<arg>${elements}[${i}]</arg>
<doc>Runs the given keyword with the given arguments, if ``condition`` is true.</doc>
<kw name="Click Element" library="SeleniumLibrary">
<arg>${elements}[${i}]</arg>
<doc>Click the element identified by ``locator``.</doc>
<msg timestamp="20220211 10:24:29.862" level="INFO">Clicking element '&lt;selenium.webdriver.remote.webelement.WebElement (session="6bbcbc70-eb84-431d-9f79-019fa7647ff9", element="21b1a2fe-9cb4-4c56-98da-04cb2a3a448f")&gt;'.</msg>
<status status="PASS" starttime="20220211 10:24:29.861" endtime="20220211 10:24:44.118"/>
</kw>
<status status="PASS" starttime="20220211 10:24:29.861" endtime="20220211 10:24:44.118"/>
</kw>
<kw name="Exit For Loop If" library="BuiltIn">
<arg>'${text}'=='Images'</arg>
<doc>Stops executing the enclosing for loop if the ``condition`` is true.</doc>
<msg timestamp="20220211 10:24:44.120" level="INFO">Exiting for loop altogether.</msg>
<status status="PASS" starttime="20220211 10:24:44.119" endtime="20220211 10:24:44.121"/>
</kw>
<status status="PASS" starttime="20220211 10:24:29.534" endtime="20220211 10:24:44.121"/>
</iter>
<status status="PASS" starttime="20220211 10:24:28.153" endtime="20220211 10:24:44.121"/>
</for>
<status status="PASS" starttime="20220211 10:23:13.420" endtime="20220211 10:24:44.122"/>
</test>
<status status="PASS" starttime="20220211 10:23:09.944" endtime="20220211 10:24:44.124"/>
</suite>
<statistics>
<total>
<stat pass="1" fail="0" skip="0">All Tests</stat>
</total>
<tag>
</tag>
<suite>
<stat pass="1" fail="0" skip="0" id="s1" name="Advance Selenium">Advance Selenium</stat>
</suite>
</statistics>
<errors>
</errors>
</robot>
