<?xml version="1.0" encoding="UTF-8"?>
<robot generator="Robot 4.1.3 (Python 3.10.2 on win32)" generated="20220210 10:32:23.453" rpa="false" schemaversion="2">
<suite id="s1" name="Demo2 Suite" source="C:\Users\Praveen M\PycharmProjects\robot_framework\robot_suite\demo2_suite.robot">
<test id="s1-t1" name="TC1">
<kw name="Log To Console" library="BuiltIn">
<arg>${EXECDIR}</arg>
<doc>Logs the given message to the console.</doc>
<status status="PASS" starttime="20220210 10:32:23.498" endtime="20220210 10:32:23.501"/>
</kw>
<kw name="Log To Console" library="BuiltIn">
<arg>C:\\Users\\Praveen M\\PycharmProjects\\robot_framework\\robot_suite</arg>
<doc>Logs the given message to the console.</doc>
<status status="PASS" starttime="20220210 10:32:23.502" endtime="20220210 10:32:23.502"/>
</kw>
<kw name="Log To Console" library="BuiltIn">
<arg>${OUTPUT_DIR}</arg>
<doc>Logs the given message to the console.</doc>
<status status="PASS" starttime="20220210 10:32:23.503" endtime="20220210 10:32:23.503"/>
</kw>
<kw name="Log To Console" library="BuiltIn">
<arg>${EXECDIR}${/}driver${/}geckodriver.exe</arg>
<doc>Logs the given message to the console.</doc>
<status status="PASS" starttime="20220210 10:32:23.504" endtime="20220210 10:32:23.505"/>
</kw>
<kw name="Log To Console" library="BuiltIn">
<arg>${SUITE_NAME}</arg>
<doc>Logs the given message to the console.</doc>
<status status="PASS" starttime="20220210 10:32:23.505" endtime="20220210 10:32:23.506"/>
</kw>
<kw name="Log To Console" library="BuiltIn">
<arg>${TEST_NAME}</arg>
<doc>Logs the given message to the console.</doc>
<status status="PASS" starttime="20220210 10:32:23.506" endtime="20220210 10:32:23.507"/>
</kw>
<kw name="Log To Console" library="BuiltIn">
<arg>${TEMPDIR}</arg>
<doc>Logs the given message to the console.</doc>
<status status="PASS" starttime="20220210 10:32:23.507" endtime="20220210 10:32:23.508"/>
</kw>
<kw name="Log To Console" library="BuiltIn">
<arg>${MY_NAME}</arg>
<doc>Logs the given message to the console.</doc>
<status status="PASS" starttime="20220210 10:32:23.508" endtime="20220210 10:32:23.509"/>
</kw>
<kw name="Log To Console" library="BuiltIn">
<arg>${COLORS}</arg>
<doc>Logs the given message to the console.</doc>
<status status="PASS" starttime="20220210 10:32:23.510" endtime="20220210 10:32:23.510"/>
</kw>
<kw name="Log To Console" library="BuiltIn">
<arg>${COLORS}[2]</arg>
<doc>Logs the given message to the console.</doc>
<status status="PASS" starttime="20220210 10:32:23.512" endtime="20220210 10:32:23.513"/>
</kw>
<status status="PASS" starttime="20220210 10:32:23.496" endtime="20220210 10:32:23.515"/>
</test>
<test id="s1-t2" name="TC2">
<kw name="Get Length" library="BuiltIn">
<var>${count}</var>
<arg>${COLORS}</arg>
<doc>Returns and logs the length of the given item as an integer.</doc>
<msg timestamp="20220210 10:32:23.518" level="INFO">Length is 3</msg>
<msg timestamp="20220210 10:32:23.518" level="INFO">${count} = 3</msg>
<status status="PASS" starttime="20220210 10:32:23.518" endtime="20220210 10:32:23.518"/>
</kw>
<kw name="Log To Console" library="BuiltIn">
<arg>${count}</arg>
<doc>Logs the given message to the console.</doc>
<status status="PASS" starttime="20220210 10:32:23.519" endtime="20220210 10:32:23.519"/>
</kw>
<for flavor="IN RANGE">
<var>${i}</var>
<value>0</value>
<value>${count}</value>
<value>1</value>
<iter>
<var name="${i}">0</var>
<kw name="Log To Console" library="BuiltIn">
<arg>${COLORS}[${i}]</arg>
<doc>Logs the given message to the console.</doc>
<status status="PASS" starttime="20220210 10:32:23.520" endtime="20220210 10:32:23.521"/>
</kw>
<status status="PASS" starttime="20220210 10:32:23.520" endtime="20220210 10:32:23.522"/>
</iter>
<iter>
<var name="${i}">1</var>
<kw name="Log To Console" library="BuiltIn">
<arg>${COLORS}[${i}]</arg>
<doc>Logs the given message to the console.</doc>
<status status="PASS" starttime="20220210 10:32:23.522" endtime="20220210 10:32:23.523"/>
</kw>
<status status="PASS" starttime="20220210 10:32:23.522" endtime="20220210 10:32:23.523"/>
</iter>
<iter>
<var name="${i}">2</var>
<kw name="Log To Console" library="BuiltIn">
<arg>${COLORS}[${i}]</arg>
<doc>Logs the given message to the console.</doc>
<status status="PASS" starttime="20220210 10:32:23.523" endtime="20220210 10:32:23.524"/>
</kw>
<status status="PASS" starttime="20220210 10:32:23.523" endtime="20220210 10:32:23.524"/>
</iter>
<status status="PASS" starttime="20220210 10:32:23.520" endtime="20220210 10:32:23.524"/>
</for>
<status status="PASS" starttime="20220210 10:32:23.517" endtime="20220210 10:32:23.525"/>
</test>
<test id="s1-t3" name="TC3">
<for flavor="IN">
<var>${color}</var>
<value>@{COLORS}</value>
<iter>
<var name="${color}">red</var>
<kw name="Log To Console" library="BuiltIn">
<arg>${color}</arg>
<doc>Logs the given message to the console.</doc>
<status status="PASS" starttime="20220210 10:32:23.528" endtime="20220210 10:32:23.529"/>
</kw>
<status status="PASS" starttime="20220210 10:32:23.528" endtime="20220210 10:32:23.529"/>
</iter>
<iter>
<var name="${color}">green</var>
<kw name="Log To Console" library="BuiltIn">
<arg>${color}</arg>
<doc>Logs the given message to the console.</doc>
<status status="PASS" starttime="20220210 10:32:23.529" endtime="20220210 10:32:23.530"/>
</kw>
<status status="PASS" starttime="20220210 10:32:23.529" endtime="20220210 10:32:23.530"/>
</iter>
<iter>
<var name="${color}">Blue</var>
<kw name="Log To Console" library="BuiltIn">
<arg>${color}</arg>
<doc>Logs the given message to the console.</doc>
<status status="PASS" starttime="20220210 10:32:23.531" endtime="20220210 10:32:23.532"/>
</kw>
<status status="PASS" starttime="20220210 10:32:23.530" endtime="20220210 10:32:23.532"/>
</iter>
<status status="PASS" starttime="20220210 10:32:23.528" endtime="20220210 10:32:23.532"/>
</for>
<status status="PASS" starttime="20220210 10:32:23.527" endtime="20220210 10:32:23.533"/>
</test>
<test id="s1-t4" name="TC4">
<kw name="Log To Console" library="BuiltIn">
<arg>${EMPLOYEE1}</arg>
<doc>Logs the given message to the console.</doc>
<status status="PASS" starttime="20220210 10:32:23.536" endtime="20220210 10:32:23.537"/>
</kw>
<kw name="Log To Console" library="BuiltIn">
<arg>${EMPLOYEE1}[empname]</arg>
<doc>Logs the given message to the console.</doc>
<status status="PASS" starttime="20220210 10:32:23.537" endtime="20220210 10:32:23.538"/>
</kw>
<kw name="Log To Console" library="BuiltIn">
<arg>${EMPLOYEE1}[gender]</arg>
<doc>Logs the given message to the console.</doc>
<status status="PASS" starttime="20220210 10:32:23.539" endtime="20220210 10:32:23.539"/>
</kw>
<status status="PASS" starttime="20220210 10:32:23.535" endtime="20220210 10:32:23.540"/>
</test>
<status status="PASS" starttime="20220210 10:32:23.455" endtime="20220210 10:32:23.542"/>
</suite>
<statistics>
<total>
<stat pass="4" fail="0" skip="0">All Tests</stat>
</total>
<tag>
</tag>
<suite>
<stat pass="4" fail="0" skip="0" id="s1" name="Demo2 Suite">Demo2 Suite</stat>
</suite>
</statistics>
<errors>
</errors>
</robot>
