<?xml version="1.0" encoding="UTF-8"?>
<robot generator="Robot 4.1.3 (Python 3.10.2 on win32)" generated="20220210 09:57:16.846" rpa="false" schemaversion="2">
<suite id="s1" name="Demo2 Suite" source="C:\Users\Praveen M\PycharmProjects\robot_framework\robot_suite\demo2_suite.robot">
<test id="s1-t1" name="TC1">
<kw name="Log To Console" library="BuiltIn">
<arg>${EXECDIR}</arg>
<doc>Logs the given message to the console.</doc>
<status status="PASS" starttime="20220210 09:57:17.006" endtime="20220210 09:57:17.007"/>
</kw>
<kw name="Log To Console" library="BuiltIn">
<arg>C:\\Users\\Praveen M\\PycharmProjects\\robot_framework\\robot_suite</arg>
<doc>Logs the given message to the console.</doc>
<status status="PASS" starttime="20220210 09:57:17.008" endtime="20220210 09:57:17.010"/>
</kw>
<kw name="Log To Console" library="BuiltIn">
<arg>${OUTPUT_DIR}</arg>
<doc>Logs the given message to the console.</doc>
<status status="PASS" starttime="20220210 09:57:17.010" endtime="20220210 09:57:17.012"/>
</kw>
<kw name="Log To Console" library="BuiltIn">
<arg>${EXECDIR}${/}driver${/}geckodriver.exe</arg>
<doc>Logs the given message to the console.</doc>
<status status="PASS" starttime="20220210 09:57:17.013" endtime="20220210 09:57:17.017"/>
</kw>
<kw name="Log To Console" library="BuiltIn">
<arg>${SUITE_NAME}</arg>
<doc>Logs the given message to the console.</doc>
<status status="PASS" starttime="20220210 09:57:17.019" endtime="20220210 09:57:17.026"/>
</kw>
<kw name="Log To Console" library="BuiltIn">
<arg>${TEST_NAME}</arg>
<doc>Logs the given message to the console.</doc>
<status status="PASS" starttime="20220210 09:57:17.027" endtime="20220210 09:57:17.030"/>
</kw>
<kw name="Log To Console" library="BuiltIn">
<arg>${TEMPDIR}</arg>
<doc>Logs the given message to the console.</doc>
<status status="PASS" starttime="20220210 09:57:17.030" endtime="20220210 09:57:17.033"/>
</kw>
<kw name="Log To Console" library="BuiltIn">
<arg>${MY_NAME}</arg>
<doc>Logs the given message to the console.</doc>
<status status="PASS" starttime="20220210 09:57:17.035" endtime="20220210 09:57:17.038"/>
</kw>
<kw name="Log To Console" library="BuiltIn">
<arg>${COLORS}</arg>
<doc>Logs the given message to the console.</doc>
<status status="PASS" starttime="20220210 09:57:17.039" endtime="20220210 09:57:17.041"/>
</kw>
<kw name="Log To Console" library="BuiltIn">
<arg>${COLORS}[2]</arg>
<doc>Logs the given message to the console.</doc>
<status status="PASS" starttime="20220210 09:57:17.046" endtime="20220210 09:57:17.050"/>
</kw>
<status status="PASS" starttime="20220210 09:57:17.005" endtime="20220210 09:57:17.056"/>
</test>
<test id="s1-t2" name="TC2">
<for flavor="IN">
<var>${i}</var>
<value>${COLORS}</value>
<iter>
<var name="${i}">['red', 'green', 'Blue']</var>
<kw name="Log To Console" library="BuiltIn">
<arg>${i}</arg>
<doc>Logs the given message to the console.</doc>
<status status="PASS" starttime="20220210 09:57:17.062" endtime="20220210 09:57:17.069"/>
</kw>
<status status="PASS" starttime="20220210 09:57:17.062" endtime="20220210 09:57:17.070"/>
</iter>
<status status="PASS" starttime="20220210 09:57:17.061" endtime="20220210 09:57:17.070"/>
</for>
<status status="PASS" starttime="20220210 09:57:17.060" endtime="20220210 09:57:17.072"/>
</test>
<status status="PASS" starttime="20220210 09:57:16.904" endtime="20220210 09:57:17.076"/>
</suite>
<statistics>
<total>
<stat pass="2" fail="0" skip="0">All Tests</stat>
</total>
<tag>
</tag>
<suite>
<stat pass="2" fail="0" skip="0" id="s1" name="Demo2 Suite">Demo2 Suite</stat>
</suite>
</statistics>
<errors>
</errors>
</robot>
