<?xml version="1.0" encoding="UTF-8"?>
<robot generator="Robot 4.1.3 (Python 3.10.2 on win32)" generated="20220210 00:09:46.575" rpa="false" schemaversion="2">
<suite id="s1" name="Nascom" source="C:\Users\Praveen M\PycharmProjects\robot_framework\robot_selenium\nascom.robot">
<test id="s1-t1" name="TC1 Login Valid">
<kw name="Open Browser" library="SeleniumLibrary">
<arg>url=https://nasscom.in/about-us/career</arg>
<arg>browser=firefox</arg>
<arg>executable_path=${EXECDIR}/driver/geckodriver</arg>
<doc>Opens a new browser instance to the optional ``url``.</doc>
<msg timestamp="20220210 00:09:47.169" level="INFO">Opening browser 'firefox' to base url 'https://nasscom.in/about-us/career'.</msg>
<msg timestamp="20220210 00:09:47.169" level="INFO">Firefox driver log is always forced to to: C:\Users\Praveen M\PycharmProjects\robot_framework\geckodriver-3.log</msg>
<status status="PASS" starttime="20220210 00:09:47.169" endtime="20220210 00:11:31.337"/>
</kw>
<kw name="Maximize Browser Window" library="SeleniumLibrary">
<doc>Maximizes current browser window.</doc>
<status status="PASS" starttime="20220210 00:11:31.337" endtime="20220210 00:11:31.369"/>
</kw>
<kw name="Click Element" library="SeleniumLibrary">
<arg>link=New User</arg>
<doc>Click the element identified by ``locator``.</doc>
<msg timestamp="20220210 00:11:31.369" level="INFO">Clicking element 'link=New User'.</msg>
<status status="PASS" starttime="20220210 00:11:31.369" endtime="20220210 00:11:36.081"/>
</kw>
<kw name="Input Text" library="SeleniumLibrary">
<arg>id=edit-field-fname-reg</arg>
<arg>admin</arg>
<doc>Types the given ``text`` into the text field identified by ``locator``.</doc>
<msg timestamp="20220210 00:11:36.081" level="INFO">Typing text 'admin' into text field 'id=edit-field-fname-reg'.</msg>
<status status="PASS" starttime="20220210 00:11:36.081" endtime="20220210 00:11:37.654"/>
</kw>
<kw name="Input Text" library="SeleniumLibrary">
<arg>id=edit-field-lname</arg>
<arg>pass</arg>
<doc>Types the given ``text`` into the text field identified by ``locator``.</doc>
<msg timestamp="20220210 00:11:37.654" level="INFO">Typing text 'pass' into text field 'id=edit-field-lname'.</msg>
<status status="PASS" starttime="20220210 00:11:37.654" endtime="20220210 00:11:38.572"/>
</kw>
<kw name="Input Text" library="SeleniumLibrary">
<arg>name=field_company_name_registration</arg>
<arg>saimanvithakurapati@gmail.com</arg>
<doc>Types the given ``text`` into the text field identified by ``locator``.</doc>
<msg timestamp="20220210 00:11:38.588" level="INFO">Typing text 'saimanvithakurapati@gmail.com' into text field 'name=field_company_name_registration'.</msg>
<status status="PASS" starttime="20220210 00:11:38.588" endtime="20220210 00:11:39.653"/>
</kw>
<kw name="Input Text" library="SeleniumLibrary">
<arg>id=edit-field-company-name-registration</arg>
<arg>google</arg>
<doc>Types the given ``text`` into the text field identified by ``locator``.</doc>
<msg timestamp="20220210 00:11:39.659" level="INFO">Typing text 'google' into text field 'id=edit-field-company-name-registration'.</msg>
<status status="PASS" starttime="20220210 00:11:39.659" endtime="20220210 00:11:40.176"/>
</kw>
<kw name="Select From List By Label" library="SeleniumLibrary">
<arg>name=field_business_focus_reg</arg>
<arg>IT Consulting</arg>
<doc>Selects options from selection list ``locator`` by ``labels``.</doc>
<msg timestamp="20220210 00:11:40.176" level="INFO">Selecting options from selection list 'name=field_business_focus_reg' by label IT Consulting.</msg>
<status status="PASS" starttime="20220210 00:11:40.176" endtime="20220210 00:11:41.157"/>
</kw>
<kw name="Click Element" library="SeleniumLibrary">
<arg>name=op</arg>
<doc>Click the element identified by ``locator``.</doc>
<msg timestamp="20220210 00:11:41.157" level="INFO">Clicking element 'name=op'.</msg>
<status status="PASS" starttime="20220210 00:11:41.157" endtime="20220210 00:11:43.802"/>
</kw>
<kw name="Close Browser" library="SeleniumLibrary">
<doc>Closes the current browser.</doc>
<status status="PASS" starttime="20220210 00:11:43.802" endtime="20220210 00:11:50.213"/>
</kw>
<status status="PASS" starttime="20220210 00:09:47.169" endtime="20220210 00:11:50.213"/>
</test>
<status status="PASS" starttime="20220210 00:09:46.591" endtime="20220210 00:11:50.275"/>
</suite>
<statistics>
<total>
<stat pass="1" fail="0" skip="0">All Tests</stat>
</total>
<tag>
</tag>
<suite>
<stat pass="1" fail="0" skip="0" id="s1" name="Nascom">Nascom</stat>
</suite>
</statistics>
<errors>
</errors>
</robot>
