<?xml version="1.0" encoding="UTF-8"?>
<robot generator="Robot 4.1.3 (Python 3.10.2 on win32)" generated="20220210 12:00:21.480" rpa="false" schemaversion="2">
<suite id="s1" name="Alert Suite" source="C:\Users\Praveen M\PycharmProjects\robot_framework\robot_selenium\alert_suite.robot">
<test id="s1-t1" name="TC1">
<kw name="Open Browser" library="SeleniumLibrary">
<arg>browser=firefox</arg>
<arg>executable_path=${EXECDIR}/driver/geckodriver</arg>
<doc>Opens a new browser instance to the optional ``url``.</doc>
<msg timestamp="20220210 12:00:22.069" level="INFO">Opening browser 'firefox' to base url 'None'.</msg>
<msg timestamp="20220210 12:00:22.072" level="INFO">Firefox driver log is always forced to to: C:\Users\Praveen M\PycharmProjects\robot_framework\geckodriver-10.log</msg>
<status status="PASS" starttime="20220210 12:00:22.068" endtime="20220210 12:00:46.818"/>
</kw>
<kw name="Maximize Browser Window" library="SeleniumLibrary">
<doc>Maximizes current browser window.</doc>
<status status="PASS" starttime="20220210 12:00:46.822" endtime="20220210 12:00:46.828"/>
</kw>
<kw name="Set Selenium Implicit Wait" library="SeleniumLibrary">
<arg>30s</arg>
<doc>Sets the implicit wait value used by Selenium.</doc>
<status status="PASS" starttime="20220210 12:00:46.828" endtime="20220210 12:00:46.834"/>
</kw>
<kw name="Go To" library="SeleniumLibrary">
<arg>url=https://netbanking.hdfcbank.com/netbanking/IpinResetUsingOTP.htm</arg>
<doc>Navigates the current browser window to the provided ``url``.</doc>
<msg timestamp="20220210 12:00:46.850" level="INFO">Opening url 'https://netbanking.hdfcbank.com/netbanking/IpinResetUsingOTP.htm'</msg>
<status status="PASS" starttime="20220210 12:00:46.849" endtime="20220210 12:00:49.420"/>
</kw>
<kw name="Input Text" library="SeleniumLibrary">
<arg>name=fldLoginUserId</arg>
<arg>Nani</arg>
<doc>Types the given ``text`` into the text field identified by ``locator``.</doc>
<msg timestamp="20220210 12:00:49.422" level="INFO">Typing text 'Nani' into text field 'name=fldLoginUserId'.</msg>
<status status="PASS" starttime="20220210 12:00:49.421" endtime="20220210 12:00:49.585"/>
</kw>
<kw name="Click Element" library="SeleniumLibrary">
<arg>xpath=/html/body/form/center/table/tbody/tr[2]/td[2]/table/tbody/tr[3]/td/a</arg>
<doc>Click the element identified by ``locator``.</doc>
<msg timestamp="20220210 12:00:49.586" level="INFO">Clicking element 'xpath=/html/body/form/center/table/tbody/tr[2]/td[2]/table/tbody/tr[3]/td/a'.</msg>
<status status="PASS" starttime="20220210 12:00:49.586" endtime="20220210 12:00:52.022"/>
</kw>
<status status="PASS" starttime="20220210 12:00:22.066" endtime="20220210 12:00:52.023"/>
</test>
<status status="PASS" starttime="20220210 12:00:21.482" endtime="20220210 12:00:52.030"/>
</suite>
<statistics>
<total>
<stat pass="1" fail="0" skip="0">All Tests</stat>
</total>
<tag>
</tag>
<suite>
<stat pass="1" fail="0" skip="0" id="s1" name="Alert Suite">Alert Suite</stat>
</suite>
</statistics>
<errors>
</errors>
</robot>
