<?xml version="1.0" encoding="UTF-8"?>
<robot generator="Robot 4.1.3 (Python 3.10.2 on win32)" generated="20220210 14:25:12.642" rpa="false" schemaversion="2">
<suite id="s1" name="Nascom Membership" source="C:\Users\Praveen M\PycharmProjects\robot_framework\robot_selenium\nascom_membership.robot">
<test id="s1-t1" name="TC1">
<kw name="Open Browser" library="SeleniumLibrary">
<arg>browser=firefox</arg>
<arg>executable_path=${EXECDIR}/driver/geckodriver</arg>
<doc>Opens a new browser instance to the optional ``url``.</doc>
<msg timestamp="20220210 14:25:13.345" level="INFO">Opening browser 'firefox' to base url 'None'.</msg>
<msg timestamp="20220210 14:25:13.354" level="INFO">Firefox driver log is always forced to to: C:\Users\Praveen M\PycharmProjects\robot_framework\geckodriver-14.log</msg>
<status status="PASS" starttime="20220210 14:25:13.344" endtime="20220210 14:25:53.052"/>
</kw>
<kw name="Maximize Browser Window" library="SeleniumLibrary">
<doc>Maximizes current browser window.</doc>
<status status="PASS" starttime="20220210 14:25:53.053" endtime="20220210 14:25:53.414"/>
</kw>
<kw name="Set Selenium Implicit Wait" library="SeleniumLibrary">
<arg>30s</arg>
<doc>Sets the implicit wait value used by Selenium.</doc>
<status status="PASS" starttime="20220210 14:25:53.415" endtime="20220210 14:25:53.853"/>
</kw>
<kw name="Go To" library="SeleniumLibrary">
<arg>url=https://nasscom.in/nasscom-membership</arg>
<doc>Navigates the current browser window to the provided ``url``.</doc>
<msg timestamp="20220210 14:25:53.856" level="INFO">Opening url 'https://nasscom.in/nasscom-membership'</msg>
<status status="PASS" starttime="20220210 14:25:53.855" endtime="20220210 14:26:09.126"/>
</kw>
<kw name="Click Element" library="SeleniumLibrary">
<arg>xpath=/html/body/div[4]/div[1]/form/div/div/div/div[1]/div/div/div[2]/label</arg>
<doc>Click the element identified by ``locator``.</doc>
<msg timestamp="20220210 14:26:09.183" level="INFO">Clicking element 'xpath=/html/body/div[4]/div[1]/form/div/div/div/div[1]/div/div/div[2]/label'.</msg>
<status status="PASS" starttime="20220210 14:26:09.128" endtime="20220210 14:26:10.754"/>
</kw>
<kw name="Click Element" library="SeleniumLibrary">
<arg>xpath=/html/body/div[4]/div[1]/form/div/div/div/div[2]/div[2]/div/div/div[1]/label</arg>
<doc>Click the element identified by ``locator``.</doc>
<msg timestamp="20220210 14:26:10.771" level="INFO">Clicking element 'xpath=/html/body/div[4]/div[1]/form/div/div/div/div[2]/div[2]/div/div/div[1]/label'.</msg>
<status status="PASS" starttime="20220210 14:26:10.770" endtime="20220210 14:26:11.312"/>
</kw>
<kw name="Click Element" library="SeleniumLibrary">
<arg>xpath=/html/body/div[4]/div[1]/form/div/div/div/div[2]/div[2]/div/div/div[9]/label</arg>
<doc>Click the element identified by ``locator``.</doc>
<msg timestamp="20220210 14:26:11.313" level="INFO">Clicking element 'xpath=/html/body/div[4]/div[1]/form/div/div/div/div[2]/div[2]/div/div/div[9]/label'.</msg>
<status status="PASS" starttime="20220210 14:26:11.313" endtime="20220210 14:26:11.563"/>
</kw>
<kw name="Click Element" library="SeleniumLibrary">
<arg>id=edit-submitted-contact-person-for-nasscom-email-id-cp</arg>
<doc>Click the element identified by ``locator``.</doc>
<msg timestamp="20220210 14:26:11.566" level="INFO">Clicking element 'id=edit-submitted-contact-person-for-nasscom-email-id-cp'.</msg>
<status status="PASS" starttime="20220210 14:26:11.565" endtime="20220210 14:26:14.552"/>
</kw>
<kw name="Sleep" library="BuiltIn">
<arg>2s</arg>
<doc>Pauses the test executed for the given time.</doc>
<msg timestamp="20220210 14:26:16.564" level="INFO">Slept 2 seconds</msg>
<status status="PASS" starttime="20220210 14:26:14.552" endtime="20220210 14:26:16.564"/>
</kw>
<kw name="Handle Alert" library="SeleniumLibrary">
<var>${alert_text}</var>
<arg>action=ACCEPT</arg>
<doc>Handles the current alert and returns its message.</doc>
<msg timestamp="20220210 14:26:16.566" level="INFO">HANDLE::&lt;class 'NoneType'&gt;::None</msg>
<msg timestamp="20220210 14:26:16.634" level="INFO">${alert_text} = Please enter amount in digit and greater than zero.</msg>
<status status="PASS" starttime="20220210 14:26:16.566" endtime="20220210 14:26:16.634"/>
</kw>
<kw name="Log To Console" library="BuiltIn">
<arg>${alert_text}</arg>
<doc>Logs the given message to the console.</doc>
<status status="PASS" starttime="20220210 14:26:16.637" endtime="20220210 14:26:16.638"/>
</kw>
<status status="PASS" starttime="20220210 14:25:13.343" endtime="20220210 14:26:16.639"/>
</test>
<status status="PASS" starttime="20220210 14:25:12.646" endtime="20220210 14:26:16.641"/>
</suite>
<statistics>
<total>
<stat pass="1" fail="0" skip="0">All Tests</stat>
</total>
<tag>
</tag>
<suite>
<stat pass="1" fail="0" skip="0" id="s1" name="Nascom Membership">Nascom Membership</stat>
</suite>
</statistics>
<errors>
</errors>
</robot>
